DEBUG   |170306 03:07:38|Fetching filter data from database
DEBUG   |170306 03:07:38|Loading filters
DEBUG   |170306 03:07:38|-- Loading filter Skipfiles
DEBUG   |170306 03:07:38|-- Loading filter Regextabledata
DEBUG   |170306 03:07:38|-- Loading filter Multidb
DEBUG   |170306 03:07:38|-- Loading filter Skipdirs
DEBUG   |170306 03:07:38|-- Loading filter Extradirs
DEBUG   |170306 03:07:38|-- Loading filter Regexskipdirs
DEBUG   |170306 03:07:38|-- Loading filter Files
DEBUG   |170306 03:07:38|-- Loading filter Regextables
DEBUG   |170306 03:07:38|-- Loading filter Directories
DEBUG   |170306 03:07:38|-- Loading filter Tabledata
DEBUG   |170306 03:07:38|-- Loading filter Regexfiles
DEBUG   |170306 03:07:38|-- Loading filter Tables
DEBUG   |170306 03:07:38|-- Loading filter Regexdirectories
DEBUG   |170306 03:07:38|-- Loading filter Incremental
DEBUG   |170306 03:07:38|-- Loading filter Regexskipfiles
DEBUG   |170306 03:07:38|-- Loading filter Libraries
DEBUG   |170306 03:07:38|-- Loading filter Sitedb
DEBUG   |170306 03:07:38|-- Loading filter Siteroot
DEBUG   |170306 03:07:38|-- Loading filter Excludefolders
DEBUG   |170306 03:07:38|-- Loading filter Excludefiles
DEBUG   |170306 03:07:38|-- Loading filter Excludetabledata
DEBUG   |170306 03:07:38|-- Loading filter Joomlaskipdirs
DEBUG   |170306 03:07:38|-- Loading filter Systemcachefiles
DEBUG   |170306 03:07:38|-- Loading filter Joomlaskipfiles
DEBUG   |170306 03:07:38|-- Loading filter Cvsfolders
DEBUG   |170306 03:07:38|Loading optional filters
DEBUG   |170306 03:07:38|-- Loading optional filter Stack\StackHoststats
DEBUG   |170306 03:07:38|-- Loading optional filter Stack\StackErrorlogs
DEBUG   |170306 03:07:38|-- Loading optional filter Stack\StackMyjoomla
DEBUG   |170306 03:07:38|-- Loading optional filter Stack\StackFinder
DEBUG   |170504 12:38:41|Fetching filter data from database
DEBUG   |170504 12:38:41|Loading filters
DEBUG   |170504 12:38:41|-- Loading filter Incremental
DEBUG   |170504 12:38:41|-- Loading filter Regexdirectories
DEBUG   |170504 12:38:41|-- Loading filter Tabledata
DEBUG   |170504 12:38:41|-- Loading filter Regextables
DEBUG   |170504 12:38:41|-- Loading filter Directories
DEBUG   |170504 12:38:41|-- Loading filter Regextabledata
DEBUG   |170504 12:38:41|-- Loading filter Regexskipdirs
DEBUG   |170504 12:38:41|-- Loading filter Skipfiles
DEBUG   |170504 12:38:41|-- Loading filter Extradirs
DEBUG   |170504 12:38:41|-- Loading filter Regexskipfiles
DEBUG   |170504 12:38:41|-- Loading filter Skipdirs
DEBUG   |170504 12:38:41|-- Loading filter Tables
DEBUG   |170504 12:38:41|-- Loading filter Regexfiles
DEBUG   |170504 12:38:41|-- Loading filter Multidb
DEBUG   |170504 12:38:41|-- Loading filter Files
DEBUG   |170504 12:38:41|-- Loading filter Sitedb
DEBUG   |170504 12:38:41|-- Loading filter Libraries
DEBUG   |170504 12:38:41|-- Loading filter Excludefolders
DEBUG   |170504 12:38:41|-- Loading filter Systemcachefiles
DEBUG   |170504 12:38:41|-- Loading filter Cvsfolders
DEBUG   |170504 12:38:41|-- Loading filter Excludefiles
DEBUG   |170504 12:38:41|-- Loading filter Excludetabledata
DEBUG   |170504 12:38:41|-- Loading filter Siteroot
DEBUG   |170504 12:38:41|-- Loading filter Joomlaskipdirs
DEBUG   |170504 12:38:41|-- Loading filter Joomlaskipfiles
DEBUG   |170504 12:38:41|Loading optional filters
DEBUG   |170504 12:38:41|-- Loading optional filter Stack\StackErrorlogs
DEBUG   |170504 12:38:41|-- Loading optional filter Stack\StackHoststats
DEBUG   |170504 12:38:41|-- Loading optional filter Stack\StackFinder
DEBUG   |170504 12:38:41|-- Loading optional filter Stack\StackMyjoomla
